[    0.000000] Initializing cgroup subsys cpuset
[    0.000000] Initializing cgroup subsys cpu
[    0.000000] Initializing cgroup subsys cpuacct
[    0.000000] Linux version 4.4.0-137-generic (buildd@lgw01-amd64-037) (gcc version 5.4.0 20160609 (Ubuntu 5.4.0-6ubuntu1~16.04.10) ) #163-Ubuntu SMP Mon Sep 24 13:14:43 UTC 2018 (Ubuntu 4.4.0-137.163-generic 4.4.144)
[    0.000000] Command line: BOOT_IMAGE=/boot/vmlinuz-4.4.0-137-generic root=LABEL=cloudimg-rootfs ro console=tty1 console=ttyS0
[    0.000000] KERNEL supported cpus:
[    0.000000]   Intel GenuineIntel
[    0.000000]   AMD AuthenticAMD
[    0.000000]   Centaur CentaurHauls
[    0.000000] ------------[ cut here ]------------
[    0.000000] WARNING: CPU: 0 PID: 0 at /build/linux-jcC5fp/linux-4.4.0/arch/x86/kernel/fpu/xstate.c:517 fpu__init_system_xstate+0x37e/0x764()
[    0.000000] XSAVE consistency problem, dumping leaves
[    0.000000] Modules linked in:
[    0.000000] CPU: 0 PID: 0 Comm: swapper Not tainted 4.4.0-137-generic #163-Ubuntu
[    0.000000]  0000000000000086 b7f59695c8fce511 ffffffff81e03d70 ffffffff81403be3
[    0.000000]  ffffffff81e03db8 ffffffff81cad338 ffffffff81e03da8 ffffffff81084c12
[    0.000000]  0000000000000008 0000000000000340 0000000000000100 ffffffff81e03e3c
[    0.000000] Call Trace:
[    0.000000]  [<ffffffff81403be3>] dump_stack+0x63/0x90
[    0.000000]  [<ffffffff81084c12>] warn_slowpath_common+0x82/0xc0
[    0.000000]  [<ffffffff81084cac>] warn_slowpath_fmt+0x5c/0x80
[    0.000000]  [<ffffffff8108079b>] ? xfeature_size+0x59/0x77
[    0.000000]  [<ffffffff81f731e3>] fpu__init_system_xstate+0x37e/0x764
[    0.000000]  [<ffffffff81f63120>] ? early_idt_handler_array+0x120/0x120
[    0.000000]  [<ffffffff81f72bec>] fpu__init_system+0x1e7/0x28e
[    0.000000]  [<ffffffff81f73db1>] early_cpu_init+0x1fb/0x201
[    0.000000]  [<ffffffff81f73db1>] ? early_cpu_init+0x1fb/0x201
[    0.000000]  [<ffffffff81f6f19b>] setup_arch+0xc0/0xd1f
[    0.000000]  [<ffffffff81f63120>] ? early_idt_handler_array+0x120/0x120
[    0.000000]  [<ffffffff81f63c75>] start_kernel+0xe2/0x4a4
[    0.000000]  [<ffffffff81f63120>] ? early_idt_handler_array+0x120/0x120
[    0.000000]  [<ffffffff81f63339>] x86_64_start_reservations+0x2a/0x2c
[    0.000000]  [<ffffffff81f63485>] x86_64_start_kernel+0x14a/0x16d
[    0.000000] ---[ end trace 4d5ff9f2f68c4233 ]---
[    0.000000] CPUID[0d, 00]: eax=00000007 ebx=00000440 ecx=00000440 edx=00000000
[    0.000000] CPUID[0d, 01]: eax=00000000 ebx=000003c0 ecx=00000000 edx=00000000
[    0.000000] CPUID[0d, 02]: eax=00000100 ebx=00000240 ecx=00000000 edx=00000000
[    0.000000] CPUID[0d, 03]: eax=00000000 ebx=00000000 ecx=00000000 edx=00000000
[    0.000000] CPUID[0d, 04]: eax=00000000 ebx=00000000 ecx=00000000 edx=00000000
[    0.000000] CPUID[0d, 05]: eax=00000000 ebx=00000000 ecx=00000000 edx=00000000
[    0.000000] CPUID[0d, 06]: eax=00000000 ebx=00000000 ecx=00000000 edx=00000000
[    0.000000] CPUID[0d, 07]: eax=00000000 ebx=00000000 ecx=00000000 edx=00000000
[    0.000000] CPUID[0d, 08]: eax=00000000 ebx=00000000 ecx=00000000 edx=00000000
[    0.000000] CPUID[0d, 09]: eax=00000000 ebx=00000000 ecx=00000000 edx=00000000
[    0.000000] CPUID[0d, 0a]: eax=00000000 ebx=00000000 ecx=00000000 edx=00000000
[    0.000000] CPUID[0d, 0b]: eax=00000000 ebx=00000000 ecx=00000000 edx=00000000
[    0.000000] CPUID[0d, 0c]: eax=00000000 ebx=00000000 ecx=00000000 edx=00000000
[    0.000000] CPUID[0d, 0d]: eax=00000000 ebx=00000000 ecx=00000000 edx=00000000
[    0.000000] CPUID[0d, 0e]: eax=00000000 ebx=00000000 ecx=00000000 edx=00000000
[    0.000000] CPUID[0d, 0f]: eax=00000000 ebx=00000000 ecx=00000000 edx=00000000
[    0.000000] CPUID[0d, 10]: eax=00000000 ebx=00000000 ecx=00000000 edx=00000000
[    0.000000] CPUID[0d, 11]: eax=00000000 ebx=00000000 ecx=00000000 edx=00000000
[    0.000000] x86/fpu: xstate_offset[2]:  576, xstate_sizes[2]:  256
[    0.000000] x86/fpu: Supporting XSAVE feature 0x01: 'x87 floating point registers'
[    0.000000] x86/fpu: Supporting XSAVE feature 0x02: 'SSE registers'
[    0.000000] x86/fpu: Supporting XSAVE feature 0x04: 'AVX registers'
[    0.000000] x86/fpu: Enabled xstate features 0x7, context size is 1088 bytes, using 'standard' format.
[    0.000000] e820: BIOS-provided physical RAM map:
[    0.000000] BIOS-e820: [mem 0x0000000000000000-0x000000000009fbff] usable
[    0.000000] BIOS-e820: [mem 0x000000000009fc00-0x000000000009ffff] reserved
[    0.000000] BIOS-e820: [mem 0x00000000000f0000-0x00000000000fffff] reserved
[    0.000000] BIOS-e820: [mem 0x0000000000100000-0x000000003ffeffff] usable
[    0.000000] BIOS-e820: [mem 0x000000003fff0000-0x000000003fffffff] ACPI data
[    0.000000] BIOS-e820: [mem 0x00000000fec00000-0x00000000fec00fff] reserved
[    0.000000] BIOS-e820: [mem 0x00000000fee00000-0x00000000fee00fff] reserved
[    0.000000] BIOS-e820: [mem 0x00000000fffc0000-0x00000000ffffffff] reserved
[    0.000000] NX (Execute Disable) protection: active
[    0.000000] SMBIOS 2.5 present.
[    0.000000] Hypervisor detected: KVM
[    0.000000] e820: last_pfn = 0x3fff0 max_arch_pfn = 0x400000000
[    0.000000] MTRR: Disabled
[    0.000000] x86/PAT: MTRRs disabled, skipping PAT initialization too.
[    0.000000] CPU MTRRs all blank - virtualized system.
[    0.000000] x86/PAT: Configuration [0-7]: WB  WT  UC- UC  WB  WT  UC- UC  
[    0.000000] found SMP MP-table at [mem 0x0009fff0-0x0009ffff] mapped at [ffff88000009fff0]
[    0.000000] Scanning 1 areas for low memory corruption
[    0.000000] RAMDISK: [mem 0x3630a000-0x3717cfff]
[    0.000000] ACPI: Early table checksum verification disabled
[    0.000000] ACPI: RSDP 0x00000000000E0000 000024 (v02 VBOX  )
[    0.000000] ACPI: XSDT 0x000000003FFF0030 00003C (v01 VBOX   VBOXXSDT 00000001 ASL  00000061)
[    0.000000] ACPI: FACP 0x000000003FFF00F0 0000F4 (v04 VBOX   VBOXFACP 00000001 ASL  00000061)
[    0.000000] ACPI: DSDT 0x000000003FFF0470 0021FF (v02 VBOX   VBOXBIOS 00000002 INTL 20160108)
[    0.000000] ACPI: FACS 0x000000003FFF0200 000040
[    0.000000] ACPI: FACS 0x000000003FFF0200 000040
[    0.000000] ACPI: APIC 0x000000003FFF0240 00005C (v02 VBOX   VBOXAPIC 00000001 ASL  00000061)
[    0.000000] ACPI: SSDT 0x000000003FFF02A0 0001CC (v01 VBOX   VBOXCPUT 00000002 INTL 20160108)
[    0.000000] No NUMA configuration found
[    0.000000] Faking a node at [mem 0x0000000000000000-0x000000003ffeffff]
[    0.000000] NODE_DATA(0) allocated [mem 0x3ffeb000-0x3ffeffff]
[    0.000000] kvm-clock: Using msrs 4b564d01 and 4b564d00
[    0.000000] kvm-clock: cpu 0, msr 0:3ffe3001, primary cpu clock
[    0.000000] kvm-clock: using sched offset of 6555894634 cycles
[    0.000000] clocksource: kvm-clock: mask: 0xffffffffffffffff max_cycles: 0x1cd42e4dffb, max_idle_ns: 881590591483 ns
[    0.000000] Zone ranges:
[    0.000000]   DMA      [mem 0x0000000000001000-0x0000000000ffffff]
[    0.000000]   DMA32    [mem 0x0000000001000000-0x000000003ffeffff]
[    0.000000]   Normal   empty
[    0.000000]   Device   empty
[    0.000000] Movable zone start for each node
[    0.000000] Early memory node ranges
[    0.000000]   node   0: [mem 0x0000000000001000-0x000000000009efff]
[    0.000000]   node   0: [mem 0x0000000000100000-0x000000003ffeffff]
[    0.000000] Initmem setup node 0 [mem 0x0000000000001000-0x000000003ffeffff]
[    0.000000] ACPI: PM-Timer IO Port: 0x4008
[    0.000000] IOAPIC[0]: apic_id 2, version 32, address 0xfec00000, GSI 0-23
[    0.000000] ACPI: INT_SRC_OVR (bus 0 bus_irq 0 global_irq 2 dfl dfl)
[    0.000000] ACPI: INT_SRC_OVR (bus 0 bus_irq 9 global_irq 9 high level)
[    0.000000] Using ACPI (MADT) for SMP configuration information
[    0.000000] smpboot: Allowing 2 CPUs, 0 hotplug CPUs
[    0.000000] PM: Registered nosave memory: [mem 0x00000000-0x00000fff]
[    0.000000] PM: Registered nosave memory: [mem 0x0009f000-0x0009ffff]
[    0.000000] PM: Registered nosave memory: [mem 0x000a0000-0x000effff]
[    0.000000] PM: Registered nosave memory: [mem 0x000f0000-0x000fffff]
[    0.000000] e820: [mem 0x40000000-0xfebfffff] available for PCI devices
[    0.000000] Booting paravirtualized kernel on KVM
[    0.000000] clocksource: refined-jiffies: mask: 0xffffffff max_cycles: 0xffffffff, max_idle_ns: 7645519600211568 ns
[    0.000000] setup_percpu: NR_CPUS:512 nr_cpumask_bits:512 nr_cpu_ids:2 nr_node_ids:1
[    0.000000] PERCPU: Embedded 34 pages/cpu @ffff88003fc00000 s99608 r8192 d31464 u1048576
[    0.000000] PV qspinlock hash table entries: 256 (order: 0, 4096 bytes)
[    0.000000] Built 1 zonelists in Node order, mobility grouping on.  Total pages: 257912
[    0.000000] Policy zone: DMA32
[    0.000000] Kernel command line: BOOT_IMAGE=/boot/vmlinuz-4.4.0-137-generic root=LABEL=cloudimg-rootfs ro console=tty1 console=ttyS0
[    0.000000] PID hash table entries: 4096 (order: 3, 32768 bytes)
[    0.000000] Memory: 997708K/1048120K available (8555K kernel code, 1314K rwdata, 4004K rodata, 1528K init, 1316K bss, 50412K reserved, 0K cma-reserved)
[    0.000000] SLUB: HWalign=64, Order=0-3, MinObjects=0, CPUs=2, Nodes=1
[    0.000000] Kernel/User page tables isolation: enabled
[    0.000000] Hierarchical RCU implementation.
[    0.000000] 	Build-time adjustment of leaf fanout to 64.
[    0.000000] 	RCU restricting CPUs from NR_CPUS=512 to nr_cpu_ids=2.
[    0.000000] RCU: Adjusting geometry for rcu_fanout_leaf=64, nr_cpu_ids=2
[    0.000000] NR_IRQS:33024 nr_irqs:440 16
[    0.000000] Console: colour VGA+ 80x25
[    0.000000] console [tty1] enabled
[    0.000000] console [ttyS0] enabled
[    0.000000] tsc: Detected 3407.994 MHz processor
[    4.677135] Calibrating delay loop (skipped) preset value.. 6815.98 BogoMIPS (lpj=13631976)
[    4.695813] pid_max: default: 32768 minimum: 301
[    4.713333] ACPI: Core revision 20150930
[    4.740632] ACPI: 2 ACPI AML tables successfully acquired and loaded
[    4.758085] Security Framework initialized
[    4.773779] Yama: becoming mindful.
[    4.777305] AppArmor: AppArmor initialized
[    4.796777] Dentry cache hash table entries: 131072 (order: 8, 1048576 bytes)
[    4.822186] Inode-cache hash table entries: 65536 (order: 7, 524288 bytes)
[    4.873516] Mount-cache hash table entries: 2048 (order: 2, 16384 bytes)
[    4.905389] Mountpoint-cache hash table entries: 2048 (order: 2, 16384 bytes)
[    4.926085] Initializing cgroup subsys io
[    4.947022] Initializing cgroup subsys memory
[    4.963958] Initializing cgroup subsys devices
[    4.977752] Initializing cgroup subsys freezer
[    5.011336] Initializing cgroup subsys net_cls
[    5.026348] Initializing cgroup subsys perf_event
[    5.057859] Initializing cgroup subsys net_prio
[    5.069457] Initializing cgroup subsys hugetlb
[    5.075868] Initializing cgroup subsys pids
[    5.087550] mce: CPU supports 0 MCE banks
[    5.098355] Last level iTLB entries: 4KB 64, 2MB 8, 4MB 8
[    5.110512] Last level dTLB entries: 4KB 64, 2MB 0, 4MB 0, 1GB 4
[    5.117666] Spectre V2 : Mitigation: Full generic retpoline
[    5.129325] Spectre V2 : Spectre v2 mitigation: Speculation control IBPB not-supported IBRS not-supported
[    5.149178] Spectre V2 : Spectre v2 / SpectreRSB mitigation: Filling RSB on context switch
[    5.195922] Speculative Store Bypass: Vulnerable
[    5.213992] Freeing SMP alternatives memory: 32K
[    5.261488] ftrace: allocating 32265 entries in 127 pages
[    5.497506] smpboot: APIC(0) Converting physical 0 to logical package 0
[    5.557657] smpboot: Max logical packages: 1
[    5.597746] x2apic enabled
[    5.622791] Switched APIC routing to physical x2apic.
[    5.672575] ..TIMER: vector=0x30 apic1=0 pin1=2 apic2=-1 pin2=-1
[    5.815780] smpboot: CPU0: Intel(R) Core(TM) i7-6700 CPU @ 3.40GHz (family: 0x6, model: 0x5e, stepping: 0x3)
[    5.878509] Performance Events: unsupported p6 CPU model 94 no PMU driver, software events only.
[    5.950452] KVM setup paravirtual spinlock
[    5.984414] x86: Booting SMP configuration:
[    6.026665] .... node  #0, CPUs:      #1
[    6.044832] kvm-clock: cpu 1, msr 0:3ffe3041, secondary cpu clock
[    6.079428] mce: CPU supports 0 MCE banks
[    6.101880] x86: Booted up 1 node, 2 CPUs
[    6.114371] smpboot: Total of 2 processors activated (13631.97 BogoMIPS)
[    6.151699] devtmpfs: initialized
[    6.180576] evm: security.selinux
[    6.188261] evm: security.SMACK64
[    6.203130] evm: security.SMACK64EXEC
[    6.214820] evm: security.SMACK64TRANSMUTE
[    6.241479] evm: security.SMACK64MMAP
[    6.246658] evm: security.ima
[    6.259659] evm: security.capability
[    6.277149] clocksource: jiffies: mask: 0xffffffff max_cycles: 0xffffffff, max_idle_ns: 7645041785100000 ns
[    6.315346] futex hash table entries: 512 (order: 3, 32768 bytes)
[    6.352273] pinctrl core: initialized pinctrl subsystem
[    6.391878] RTC time:  1:32:29, date: 10/20/18
[    6.408680] NET: Registered protocol family 16
[    6.440665] cpuidle: using governor ladder
[    6.470416] cpuidle: using governor menu
[    6.494150] PCCT header not found.
[    6.514748] ACPI: bus type PCI registered
[    6.520639] acpiphp: ACPI Hot Plug PCI Controller Driver version: 0.5
[    6.539093] PCI: Using configuration type 1 for base access
[    6.567914] ACPI: Added _OSI(Module Device)
[    6.613631] ACPI: Added _OSI(Processor Device)
[    6.681366] ACPI: Added _OSI(3.0 _SCP Extensions)
[    6.717273] ACPI: Added _OSI(Processor Aggregator Device)
[    6.781522] ACPI: Executed 1 blocks of module-level executable AML code
[    6.856186] ACPI: Interpreter enabled
[    6.869378] ACPI: (supports S0 S5)
[    6.886183] ACPI: Using IOAPIC for interrupt routing
[    6.904278] PCI: Using host bridge windows from ACPI; if necessary, use "pci=nocrs" and report a bug
[    6.962236] ACPI: PCI Root Bridge [PCI0] (domain 0000 [bus 00-ff])
[    6.997936] acpi PNP0A03:00: _OSC: OS supports [ASPM ClockPM Segments MSI]
[    7.039367] acpi PNP0A03:00: _OSC: not requesting OS control; OS requires [ExtendedConfig ASPM ClockPM MSI]
[    7.098945] acpi PNP0A03:00: fail to add MMCONFIG information, can't access extended PCI configuration space under this bridge.
[    7.200279] PCI host bridge to bus 0000:00
[    7.229215] pci_bus 0000:00: root bus resource [io  0x0000-0x0cf7 window]
[    7.262213] pci_bus 0000:00: root bus resource [io  0x0d00-0xffff window]
[    7.306418] pci_bus 0000:00: root bus resource [mem 0x000a0000-0x000bffff window]
[    7.333963] pci_bus 0000:00: root bus resource [mem 0x40000000-0xffdfffff window]
[    7.379093] pci_bus 0000:00: root bus resource [bus 00-ff]
[    7.416761] pci 0000:00:01.1: legacy IDE quirk: reg 0x10: [io  0x01f0-0x01f7]
[    7.446769] pci 0000:00:01.1: legacy IDE quirk: reg 0x14: [io  0x03f6]
[    7.457222] pci 0000:00:01.1: legacy IDE quirk: reg 0x18: [io  0x0170-0x0177]
[    7.479470] pci 0000:00:01.1: legacy IDE quirk: reg 0x1c: [io  0x0376]
[    7.582637] pci 0000:00:07.0: quirk: [io  0x4000-0x403f] claimed by PIIX4 ACPI
[    7.632237] pci 0000:00:07.0: quirk: [io  0x4100-0x410f] claimed by PIIX4 SMB
[    7.707384] ACPI: PCI Interrupt Link [LNKA] (IRQs 5 9 10 *11)
[    7.767199] ACPI: PCI Interrupt Link [LNKB] (IRQs 5 9 10 *11)
[    7.788999] ACPI: PCI Interrupt Link [LNKC] (IRQs 5 9 *10 11)
[    7.874338] ACPI: PCI Interrupt Link [LNKD] (IRQs 5 *9 10 11)
[    7.929042] ACPI: Enabled 2 GPEs in block 00 to 07
[    7.944815] vgaarb: setting as boot device: PCI:0000:00:02.0
[    7.976370] vgaarb: device added: PCI:0000:00:02.0,decodes=io+mem,owns=io+mem,locks=none
[    8.007821] vgaarb: loaded
[    8.020839] vgaarb: bridge control possible 0000:00:02.0
[    8.039795] SCSI subsystem initialized
[    8.057099] ACPI: bus type USB registered
[    8.084115] usbcore: registered new interface driver usbfs
[    8.108206] usbcore: registered new interface driver hub
[    8.125283] usbcore: registered new device driver usb
[    8.152099] PCI: Using ACPI for IRQ routing
[    8.167146] NetLabel: Initializing
[    8.175857] NetLabel:  domain hash size = 128
[    8.194610] NetLabel:  protocols = UNLABELED CIPSOv4
[    8.199607] NetLabel:  unlabeled traffic allowed by default
[    8.213371] amd_nb: Cannot enumerate AMD northbridges
[    8.224839] clocksource: Switched to clocksource kvm-clock
[    8.273572] AppArmor: AppArmor Filesystem Enabled
[    8.280627] pnp: PnP ACPI init
[    8.286639] pnp: PnP ACPI: found 3 devices
[    8.330508] clocksource: acpi_pm: mask: 0xffffff max_cycles: 0xffffff, max_idle_ns: 2085701024 ns
[    8.405645] NET: Registered protocol family 2
[    8.414333] TCP established hash table entries: 8192 (order: 4, 65536 bytes)
[    8.464899] TCP bind hash table entries: 8192 (order: 5, 131072 bytes)
[    8.525029] TCP: Hash tables configured (established 8192 bind 8192)
[    8.532650] UDP hash table entries: 512 (order: 2, 16384 bytes)
[    8.598931] UDP-Lite hash table entries: 512 (order: 2, 16384 bytes)
[    8.660890] NET: Registered protocol family 1
[    8.704082] pci 0000:00:00.0: Limiting direct PCI/PCI transfers
[    8.767767] pci 0000:00:01.0: Activating ISA DMA hang workarounds
[    8.819246] Unpacking initramfs...
[    9.314241] Freeing initrd memory: 14796K
[    9.379861] platform rtc_cmos: registered platform RTC device (no PNP device found)
[    9.588395] Scanning for low memory corruption every 60 seconds
[    9.678552] audit: initializing netlink subsys (disabled)
[    9.844259] audit: type=2000 audit(1539999154.249:1): initialized
[   10.054596] Initialise system trusted keyring
[   10.134593] HugeTLB registered 2 MB page size, pre-allocated 0 pages
[   10.171630] zbud: loaded
[   10.181606] VFS: Disk quotas dquot_6.6.0
[   10.251263] VFS: Dquot-cache hash table entries: 512 (order 0, 4096 bytes)
[   10.455588] squashfs: version 4.0 (2009/01/31) Phillip Lougher
[   10.684835] fuse init (API version 7.23)
[   10.854225] Key type big_key registered
[   11.004169] Allocating IMA MOK and blacklist keyrings.
[   11.030925] Key type asymmetric registered
[   11.054947] Asymmetric key parser 'x509' registered
[   11.060340] Block layer SCSI generic (bsg) driver version 0.4 loaded (major 249)
[   11.155498] io scheduler noop registered
[   11.185449] io scheduler deadline registered (default)
[   11.199618] io scheduler cfq registered
[   11.215963] pci_hotplug: PCI Hot Plug PCI Core version: 0.5
[   11.312782] pciehp: PCI Express Hot Plug Controller Driver version: 0.4
[   11.501823] ACPI: AC Adapter [AC] (on-line)
[   11.588932] input: Power Button as /devices/LNXSYSTM:00/LNXPWRBN:00/input/input0
[   11.665058] ACPI: Power Button [PWRF]
[   11.679430] input: Sleep Button as /devices/LNXSYSTM:00/LNXSLPBN:00/input/input1
[   11.775051] ACPI: Sleep Button [SLPF]
[   12.024644] GHES: HEST is not enabled!
[   12.118000] Serial: 8250/16550 driver, 32 ports, IRQ sharing enabled
[   12.171407] 00:02: ttyS0 at I/O 0x3f8 (irq = 4, base_baud = 115200) is a 16550A
[   12.239883] Linux agpgart interface v0.103
[   12.427770] loop: module loaded
[   12.615905] scsi host0: ata_piix
[   12.647258] scsi host1: ata_piix
[   12.744998] ata1: PATA max UDMA/33 cmd 0x1f0 ctl 0x3f6 bmdma 0xd000 irq 14
[   12.834853] ata2: PATA max UDMA/33 cmd 0x170 ctl 0x376 bmdma 0xd008 irq 15
[   12.935704] libphy: Fixed MDIO Bus: probed
[   13.064252] tun: Universal TUN/TAP device driver, 1.6
[   13.345002] tun: (C) 1999-2004 Max Krasnyansky <maxk@qualcomm.com>
[   13.644312] PPP generic driver version 2.4.2
[   13.764171] ehci_hcd: USB 2.0 'Enhanced' Host Controller (EHCI) Driver
[   13.805841] ehci-pci: EHCI PCI platform driver
[   13.855535] ehci-platform: EHCI generic platform driver
[   13.954449] ohci_hcd: USB 1.1 'Open' Host Controller (OHCI) Driver
[   14.015321] ohci-pci: OHCI PCI platform driver
[   14.065846] ohci-platform: OHCI generic platform driver
[   14.147009] uhci_hcd: USB Universal Host Controller Interface driver
[   14.314871] i8042: PNP: PS/2 Controller [PNP0303:PS2K,PNP0f03:PS2M] at 0x60,0x64 irq 1,12
[   14.519508] serio: i8042 KBD port at 0x60,0x64 irq 1
[   14.574698] serio: i8042 AUX port at 0x60,0x64 irq 12
[   14.794842] mousedev: PS/2 mouse device common for all mice
[   14.955809] rtc_cmos rtc_cmos: rtc core: registered rtc_cmos as rtc0
[   15.225342] rtc_cmos rtc_cmos: alarms up to one day, 114 bytes nvram
[   15.306193] i2c /dev entries driver
[   15.365396] input: AT Translated Set 2 keyboard as /devices/platform/i8042/serio0/input/input2
[   15.486465] device-mapper: uevent: version 1.0.3
[   15.565030] device-mapper: ioctl: 4.34.0-ioctl (2015-10-28) initialised: dm-devel@redhat.com
[   15.634485] ledtrig-cpu: registered to indicate activity on CPUs
[   15.665687] NET: Registered protocol family 10
[   15.705496] NET: Registered protocol family 17
[   15.742690] Key type dns_resolver registered
[   15.755873] registered taskstats version 1
[   15.773522] Loading compiled-in X.509 certificates
[   15.812296] Loaded X.509 cert 'Build time autogenerated kernel key: 20acc96b50ca7641011eace69d32209215a9b56f'
[   15.844144] zswap: loaded using pool lzo/zbud
[   15.924497] Key type trusted registered
[   16.015083] Key type encrypted registered
[   16.058980] AppArmor: AppArmor sha1 policy hashing enabled
[   16.101421] ima: No TPM chip found, activating TPM-bypass!
[   16.127948] ima: Allocated hash algorithm: sha1
[   16.141457] evm: HMAC attrs: 0x1
[   16.165300]   Magic number: 6:109:509
[   16.189583] ata_piix 0000:00:01.1: hash matches
[   16.203093] rtc_cmos rtc_cmos: setting system clock to 2018-10-20 01:32:39 UTC (1539999159)
[   16.260279] BIOS EDD facility v0.16 2004-Jun-25, 0 devices found
[   16.279515] EDD information not available.
[   16.308254] Freeing unused kernel memory: 1528K
[   16.335857] Write protecting the kernel read-only data: 14336k
[   16.390603] Freeing unused kernel memory: 1672K
[   16.404918] Freeing unused kernel memory: 92K
Loading, please wait...
[   16.479661] random: systemd-udevd: uninitialized urandom read (16 bytes read, 7 bits of entropy available)
starting version 229
[   16.480231] random: udevadm: uninitialized urandom read (16 bytes read, 7 bits of entropy available)
[   16.480244] random: udevadm: uninitialized urandom read (16 bytes read, 7 bits of entropy available)
[   16.654456] random: udevadm: uninitialized urandom read (16 bytes read, 9 bits of entropy available)
[   16.654491] random: udevadm: uninitialized urandom read (16 bytes read, 9 bits of entropy available)
[   16.654730] random: udevadm: uninitialized urandom read (16 bytes read, 9 bits of entropy available)
[   16.654780] random: udevadm: uninitialized urandom read (16 bytes read, 9 bits of entropy available)
[   16.654819] random: udevadm: uninitialized urandom read (16 bytes read, 9 bits of entropy available)
[   16.654868] random: udevadm: uninitialized urandom read (16 bytes read, 9 bits of entropy available)
[   16.654903] random: udevadm: uninitialized urandom read (16 bytes read, 9 bits of entropy available)
[   17.898311] Fusion MPT base driver 3.04.20
[   18.083734] Copyright (c) 1999-2008 LSI Corporation
[   18.260052] Fusion MPT SPI Host driver 3.04.20
[   18.319603] mptbase: ioc0: Initiating bringup
[   18.379445] AVX version of gcm_enc/dec engaged.
[   18.381708] e1000: Intel(R) PRO/1000 Network Driver - version 7.3.21-k8-NAPI
[   18.381709] e1000: Copyright (c) 1999-2006 Intel Corporation.
[   18.464383] ioc0: LSI53C1030 A0: Capabilities={Initiator}
[   18.670064] scsi host2: ioc0: LSI53C1030 A0, FwRev=00000000h, Ports=1, MaxQ=256, IRQ=20
[   18.815232] scsi 2:0:0:0: Direct-Access     VBOX     HARDDISK         1.0  PQ: 0 ANSI: 5
[   18.815237] scsi target2:0:0: Beginning Domain Validation
[   18.822418] scsi target2:0:0: Domain Validation skipping write tests
[   18.822419] scsi target2:0:0: Ending Domain Validation
[   18.822510] scsi target2:0:0: asynchronous
[   18.824302] scsi 2:0:1:0: Direct-Access     VBOX     HARDDISK         1.0  PQ: 0 ANSI: 5
[   18.824306] scsi target2:0:1: Beginning Domain Validation
[   18.833558] scsi target2:0:1: Domain Validation skipping write tests
[   18.833561] scsi target2:0:1: Ending Domain Validation
[   18.834067] scsi target2:0:1: asynchronous
[   18.950183] sd 2:0:0:0: [sda] 20971520 512-byte logical blocks: (10.7 GB/10.0 GiB)
[   18.950837] sd 2:0:0:0: [sda] Write Protect is off
[   18.958372] sd 2:0:0:0: [sda] Incomplete mode parameter data
[   18.958373] sd 2:0:0:0: [sda] Assuming drive cache: write through
[   19.034534] sd 2:0:0:0: Attached scsi generic sg0 type 0
[   19.035165] sd 2:0:1:0: Attached scsi generic sg1 type 0
[   19.035465] sd 2:0:1:0: [sdb] 20480 512-byte logical blocks: (10.5 MB/10.0 MiB)
[   19.035965] sd 2:0:1:0: [sdb] Write Protect is off
[   19.036259] sd 2:0:1:0: [sdb] Incomplete mode parameter data
[   19.036260] sd 2:0:1:0: [sdb] Assuming drive cache: write through
[   19.044233]  sda: sda1
[   19.045856] sd 2:0:0:0: [sda] Attached SCSI disk
[   19.087241] sd 2:0:1:0: [sdb] Attached SCSI disk
[   19.846289] e1000 0000:00:03.0 eth0: (PCI:33MHz:32-bit) 02:20:67:8c:d5:af
[   19.846294] e1000 0000:00:03.0 eth0: Intel(R) PRO/1000 Network Connection
[   19.855218] e1000 0000:00:03.0 enp0s3: renamed from eth0
[   21.507004] AES CTR mode by8 optimization enabled
[   21.547807] input: ImExPS/2 Generic Explorer Mouse as /devices/platform/i8042/serio1/input/input4
Begin: Loading e[   23.612388] md: linear personality registered for level -1
ssential drivers ... [   23.646815] md: multipath personality registered for level -4
[   23.666764] md: raid0 personality registered for level 0
[   23.692778] md: raid1 personality registered for level 1
[   23.768892] raid6: sse2x1   gen()  8434 MB/s
[   23.865359] raid6: sse2x1   xor()  5576 MB/s
[   23.972936] raid6: sse2x2   gen() 10783 MB/s
[   24.048892] raid6: sse2x2   xor()  7119 MB/s
[   24.149256] raid6: sse2x4   gen() 10957 MB/s
[   24.262731] raid6: sse2x4   xor()  7799 MB/s
[   24.320780] raid6: using algorithm sse2x4 gen() 10957 MB/s
[   24.357953] raid6: .... xor() 7799 MB/s, rmw enabled
[   24.362632] raid6: using ssse3x2 recovery algorithm
[   24.384214] xor: automatically using best checksumming function:
[   24.508230]    avx       : 107729.000 MB/sec
[   24.582966] async_tx: api initialized (async)
[   24.617502] md: raid6 personality registered for level 6
[   24.666739] md: raid5 personality registered for level 5
[   24.696604] md: raid4 personality registered for level 4
[   24.751072] md: raid10 personality registered for level 10
done.
Begin: Running /scripts/init-premount ... done.
Begin: Mounting root file system ... Begin: Running /scripts/local-top ... done.
Begin: Running /scripts/local-premount ... [   24.848387] Btrfs loaded
Scanning for Btrfs filesystems
done.
Warning: fsck no[   25.016078] EXT4-fs (sda1): mounted filesystem with ordered data mode. Opts: (null)
t present, so skipping root file system
done.
Begin: Running /scripts/local-bottom ... done.
Begin: Running /scripts/init-bottom ... done.
[   25.449208] systemd[1]: systemd 229 running in system mode. (+PAM +AUDIT +SELINUX +IMA +APPARMOR +SMACK +SYSVINIT +UTMP +LIBCRYPTSETUP +GCRYPT +GNUTLS +ACL +XZ -LZ4 +SECCOMP +BLKID +ELFUTILS +KMOD -IDN)
[   25.580288] systemd[1]: Detected virtualization oracle.
[   25.592715] systemd[1]: Detected architecture x86-64.

Welcome to [1mUbuntu 16.04.5 LTS[0m!

[   25.646573] systemd[1]: Set hostname to <ubuntu>.
[   25.710382] systemd[1]: Initializing machine ID from random generator.
[   25.757405] systemd[1]: Installed transient /etc/machine-id file.
[   25.794347] random: nonblocking pool is initialized
[   26.139128] systemd[1]: Created slice User and Session Slice.
[[0;32m  OK  [0m] Created slice User and Session Slice.
[   26.225748] systemd[1]: Reached target User and Group Name Lookups.
[[0;32m  OK  [0m] Reached target User and Group Name Lookups.
[   26.313798] systemd[1]: Started Forward Password Requests to Wall Directory Watch.
[[0;32m  OK  [0m] Started Forward Password Requests to Wall Directory Watch.
[   26.390049] systemd[1]: Listening on Journal Socket.
[[0;32m  OK  [0m] Listening on Journal Socket.
[   26.457978] systemd[1]: Listening on /dev/initctl Compatibility Named Pipe.
[[0;32m  OK  [0m] Listening on /dev/initctl Compatibility Named Pipe.
[   26.513615] systemd[1]: Set up automount Arbitrary Executable File Formats File System Automount Point.
[[0;32m  OK  [0m] Set up automount Arbitrary Executab...ats File System Automount Point.
[   26.584207] systemd[1]: Listening on LVM2 metadata daemon socket.
[[0;32m  OK  [0m] Listening on LVM2 metadata daemon socket.
[   26.753967] systemd[1]: Listening on Device-mapper event daemon FIFOs.
[[0;32m  OK  [0m] Listening on Device-mapper event daemon FIFOs.
[   26.862356] systemd[1]: Reached target Swap.
[[0;32m  OK  [0m] Reached target Swap.
[   26.927385] systemd[1]: Created slice System Slice.
[[0;32m  OK  [0m] Created slice System Slice.
[   27.049347] systemd[1]: Mounting Debug File System...
         Mounting Debug File System...
[   27.098858] systemd[1]: Starting Monitoring of LVM2 mirrors, snapshots etc. using dmeventd or progress polling...
         Starting Monitoring of LVM2 mirrors... dmeventd or progress polling...
[   27.193637] systemd[1]: Starting Nameserver information manager...
         Starting Nameserver information manager...
[   27.251123] systemd[1]: Starting Load Kernel Modules...
         Starting Load Ke[   27.278280] Loading iSCSI transport class v2.0-870.
rnel Modules...[   27.359275] iscsi: registered transport (tcp)

[   27.457508] systemd[1]: Listening on udev Control Socket.
[[0;32m  OK  [0m] Listening on udev Control Socket.
[   27.552259] systemd[1]: Starting Create list of required static device nodes for the current kernel...
         Starting Create list of required st... nodes for the current kernel...
[   27.757217] systemd[1]: Starting Remount Root and Kernel File Systems...
         Starting Remount Root and Kernel File Systems...
[   27.800729] systemd[1]: Listening on Journal Audit Socket.
[   27.814910] EXT4-fs (sda1): re-mounted. Opts: (null)
[[0;32m  OK  [0[   27.938283] iscsi: registered transport (iser)
m] Listening on Journal Audit Socket.
[   28.105480] systemd[1]: Started Trigger resolvconf update for networkd DNS.
[[0;32m  OK  [0m] Started Trigger resolvconf update for networkd DNS.
[   28.181234] systemd[1]: Starting Set console keymap...
         Starting Set console keymap...
[   28.282467] systemd[1]: Listening on udev Kernel Socket.
[[0;32m  OK  [0m] Listening on udev Kernel Socket.
[   28.369732] systemd[1]: Mounting POSIX Message Queue File System...
         Mounting POSIX Message Queue File System...
[   28.434134] systemd[1]: Listening on Journal Socket (/dev/log).
[[0;32m  OK  [0m] Listening on Journal Socket (/dev/log).
[   28.481585] systemd[1]: Reached target Encrypted Volumes.
[[0;32m  OK  [0m] Reached target Encrypted Volumes.
[   28.516995] systemd[1]: Created slice system-serial\x2dgetty.slice.
[[0;32m  OK  [0m] Created slice system-serial\x2dgetty.slice.
[   28.605495] systemd[1]: Mounting Huge Pages File System...
         Mounting Huge Pages File System...
[   28.661378] systemd[1]: Listening on LVM2 poll daemon socket.
[[0;32m  OK  [0m] Listening on LVM2 poll daemon socket.
[   28.721425] systemd[1]: Reached target Slices.
[[0;32m  OK  [0m] Reached target Slices.
[   28.753411] systemd[1]: Starting Uncomplicated firewall...
         Starting Uncomplicated firewall...
[   28.901521] systemd[1]: Reached target System Time Synchronized.
[[0;32m  OK  [0m] Reached target System Time Synchronized.
[   28.950399] systemd[1]: Listening on Syslog Socket.
[[0;32m  OK  [0m] Listening on Syslog Socket.
[   29.097127] systemd[1]: Starting Journal Service...
         Starting Journal Service...
[   29.242065] systemd[1]: Mounted Huge Pages File System.
[[0;32m  OK  [0m] Mounted Huge Pages File System.
[   29.317344] systemd[1]: Mounted POSIX Message Queue File System.
[[0;32m  OK  [0m] Mounted POSIX Message Queue File System.
[   29.391691] systemd[1]: Mounted Debug File System.
[[0;32m  OK  [0m] Mounted Debug File System.
[   29.440064] systemd[1]: Started Journal Service.
[[0;32m  OK  [0m] Started Journal Service.
[[0;32m  OK  [0m] Started Load Kernel Modules.
[[0;32m  OK  [0m] Started Create list of required sta...ce nodes for the current kernel.
[[0;32m  OK  [0m] Started Remount Root and Kernel File Systems.
[[0;32m  OK  [0m] Started Set console keymap.
[[0;32m  OK  [0m] Started Uncomplicated firewall.
[[0;32m  OK  [0m] Started Nameserver information manager.
[[0;32m  OK  [0m] Started LVM2 metadata daemon.
         Starting udev Coldplug all Devices...
         Starting Load/Save Random Seed...
         Starting Create Static Device Nodes in /dev...
         Starting Apply Kernel Variables...
         Mounting FUSE Control File System...
         Starting Flush Journal to Persistent Storage...
[[0;32m  OK  [0m] Mounted FUSE Control File System.
[[0;32m  OK  [0m] Started Load/Save Random Seed.
[[0;32m  OK  [0m] Started Create Static Device Nodes in /dev.
[[0;32m  OK  [0m] Started Apply Kernel Variables.
[[0;32m  OK  [0m] Started Monitoring of LVM2 mirrors,...ng dmeventd or progress polling.
[[0;32m  OK  [0m] Started udev Coldplug all Devices.
         Starting udev Kernel Device Manager...
[[0;32m  OK  [0m] Started Flush Journal to Persistent Storage.
[[0;32m  OK  [0m] Started udev Kernel Device Manager.
[[0;32m  OK  [0m] Reached target Local File Systems (Pre).
[[0;32m  OK  [0m] Reached target Local File Systems.
         Starting Commit a transient machine-id on disk...
         Starting LSB: AppArmor initialization...
         Starting Set console font and keymap...
         Starting Initial cloud-init job (pre-networking)...
         Starting Tell Plymouth To Write Out Runtime Data...
[[0;32m  OK  [0m] Started Dispatch Password Requests to Console Directory Watch.
         Starting Create Volatile Files and Directories...
[   26.814935] [[0;32m  OK  [0m] Started Commit a transient machine-id on disk.
cloud-init[612]: Cloud-init v. 18.3-9-g2e62cb8a-0ubuntu1~16.04.2 running 'init-local' at Sat, 20 Oct 2018 01:32:56 +0000. Up 26.22 seconds.
[[0;32m  OK  [0m] Started Tell Plymouth To Write Out Runtime Data.
[[0;32m  OK  [0m] Started Set console font and keymap.
[[0;32m  OK  [0m] Started Create Volatile Files and Directories.
[[0;32m  OK  [0m] Started Initial cloud-init job (pre-networking).
[[0;32m  OK  [0m] Found device /dev/ttyS0.
[[0;32m  OK  [0m] Listening on Load/Save RF Kill Switch Status /dev/rfkill Watch.
[[0;32m  OK  [0m] Reached target Network (Pre).
         Starting Update UTMP about System Boot/Shutdown...
[[0;32m  OK  [0m] Created slice system-getty.slice.
[[0;32m  OK  [0m] Started Update UTMP about System Boot/Shutdown.
[[0;32m  OK  [0m] Started LSB: AppArmor initialization.
         Starting Raise network interfaces...
[[0;32m  OK  [0m] Started Raise network interfaces.
[[0;32m  OK  [0m] Reached target Network.
         Starting Initial cloud-init job (metadata service crawler)...
[   29.683671] cloud-init[924]: Cloud-init v. 18.3-9-g2e62cb8a-0ubuntu1~16.04.2 running 'init' at Sat, 20 Oct 2018 01:32:59 +0000. Up 28.83 seconds.
[   29.817059] cloud-init[924]: ci-info: ++++++++++++++++++++++++++++++++++++++Net device info++++++++++++++++++++++++++++++++++++++
[   29.876128] cloud-init[924]: ci-info: +--------+------+----------------------------+---------------+--------+-------------------+
[   29.877684] cloud-init[924]: ci-info: | Device |  Up  |          Address           |      Mask     | Scope  |     Hw-Address    |
[   29.877880] cloud-init[924]: ci-info: +--------+------+----------------------------+---------------+--------+-------------------+
[   29.877945] cloud-init[924]: ci-info: | enp0s3 | True |         10.0.2.15          | 255.255.255.0 | global | 02:20:67:8c:d5:af |
[   29.880071] cloud-init[924]: ci-info: | enp0s3 | True | fe80::20:67ff:fe8c:d5af/64 |       .       |  link  | 02:20:67:8c:d5:af |
[   29.880157] cloud-init[924]: ci-info: |   lo   | True |         127.0.0.1          |   255.0.0.0   |  host  |         .         |
[   29.880260] cloud-init[924]: ci-info: |   lo   | True |          ::1/128           |       .       |  host  |         .         |
[   29.880325] cloud-init[924]: ci-info: +--------+------+----------------------------+---------------+--------+-------------------+
[   29.880387] cloud-init[924]: ci-info: +++++++++++++++++++++++++++Route IPv4 info++++++++++++++++++++++++++++
[   29.880462] cloud-init[924]: ci-info: +-------+-------------+----------+---------------+-----------+-------+
[   29.880523] cloud-init[924]: ci-info: | Route | Destination | Gateway  |    Genmask    | Interface | Flags |
[   29.880586] cloud-init[924]: ci-info: +-------+-------------+----------+---------------+-----------+-------+
[   29.880644] cloud-init[924]: ci-info: |   0   |   0.0.0.0   | 10.0.2.2 |    0.0.0.0    |   enp0s3  |   UG  |
[   29.880735] cloud-init[924]: ci-info: |   1   |   10.0.2.0  | 0.0.0.0  | 255.255.255.0 |   enp0s3  |   U   |
[   29.880801] cloud-init[924]: ci-info: +-------+-------------+----------+---------------+-----------+-------+
[   29.880857] cloud-init[924]: ci-info: +++++++++++++++++++Route IPv6 info+++++++++++++++++++
[   29.880914] cloud-init[924]: ci-info: +-------+-------------+---------+-----------+-------+
[   29.880970] cloud-init[924]: ci-info: | Route | Destination | Gateway | Interface | Flags |
[   29.881026] cloud-init[924]: ci-info: +-------+-------------+---------+-----------+-------+
[   29.881082] cloud-init[924]: ci-info: |   0   |  fe80::/64  |    ::   |   enp0s3  |   U   |
[   29.881137] cloud-init[924]: ci-info: |   3   |   ff00::/8  |    ::   |   enp0s3  |   U   |
[   29.881230] cloud-init[924]: ci-info: +-------+-------------+---------+-----------+-------+
[   29.881321] cloud-init[924]: Generating public/private rsa key pair.
[   29.881381] cloud-init[924]: Your identification has been saved in /etc/ssh/ssh_host_rsa_key.
[   29.881452] cloud-init[924]: Your public key has been saved in /etc/ssh/ssh_host_rsa_key.pub.
[   29.881511] cloud-init[924]: The key fingerprint is:
[   29.881575] cloud-init[924]: SHA256:F0X9I9FWMNbUQ/cv7JvcB0XMMxR1BO9cqQPo+mDgYbU root@ubuntu-xenial
[   29.881635] cloud-init[924]: The key's randomart image is:
[   29.881744] cloud-init[924]: +---[RSA 2048]----+
[   29.881820] cloud-init[924]: |           .o.O%%|
[   29.881879] cloud-init[924]: |          .. o.O@|
[   29.881937] cloud-init[924]: |       . ...  o+B|
[   29.882008] cloud-init[924]: |      . o  ..o.+=|
[   29.882066] cloud-init[924]: |     + ES..  o+.=|
[   29.882131] cloud-init[924]: |    o o ..   .o. |
[   29.882226] cloud-init[924]: |     . +      .. |
[   29.882288] cloud-init[924]: |      . o    . +.|
[   29.882346] cloud-init[924]: |         .    + o|
[   29.882404] cloud-init[924]: +----[SHA256]-----+
[   29.882479] cloud-init[924]: Generating public/private dsa key pair.
[   29.882537] cloud-init[924]: Your identification has been saved in /etc/ssh/ssh_host_dsa_key.
[   29.882594] cloud-init[924]: Your public key has been saved in /etc/ssh/ssh_host_dsa_key.pub.
[   29.882653] cloud-init[924]: The key fingerprint is:
[   29.882778] cloud-init[924]: SHA256:pryqglZZhRwcYIKWNGfamdxg+lG0Ymia7NL53JRn4Ms root@ubuntu-xenial
[   29.882838] cloud-init[924]: The key's randomart image is:
[   29.882894] [[0;32m  OK  [0m] Started Initial cloud-init job (metadata service crawler).
[[0;32m  OK  [0m] Reached target System Initialization.
[[0;32m  OK  [0m] Started Daily Cleanup of Temporary Directories.
cloud-init[924]: +---[DSA 1024]----+
[[0;32m  OK  [0m] Started ACPI Events Check.
[[0;32m  OK  [0m] Reached target Paths.
         Starting Socket activation for snappy daemon.
[[0;32m  OK  [0m] Listening on UUID daemon activation socket.
[[0;32m  OK  [0m] Started Daily apt download activities.
[[0;32m  OK  [0m] Listening on D-Bus System Message Bus Socket.
[[0;32m  OK  [0m] Listening on ACPID Listen Socket.
[   31.730856] cloud-init[924]: |o+.B==+          |
[   31.956575] cloud-init[924]: |.o& *+..         |
[   31.956675] cloud-init[924]: |.= O o.          |
[   31.956706] cloud-init[924]: |+.o o.           |
[   31.956747] cloud-init[924]: |o. .o . S        |
[   31.956775] cloud-init[924]: |.. + o =         |
[   31.956802] cloud-init[924]: |o.+   * o        |
[   31.956832] cloud-init[924]: |+. o + =         |
[   31.956892] cloud-init[924]: |....+.E          |
[   31.956920] cloud-init[924]: +----[SHA256]-----+
[   31.956947] cloud-init[924]: Generating public/private ecdsa key pair.
[   31.956973] cloud-init[924]: Your identification has been saved in /etc/ssh/ssh_host_ecdsa_key.
[   31.956999] cloud-init[924]: Your public key has been saved in /etc/ssh/ssh_host_ecdsa_key.pub.
[   31.957025] cloud-init[924]: The key fingerprint is:
[   31.957051] cloud-init[924]: SHA256:HMvJdAEmnlW8HQZhYh3yNXRUTpg0Dxam+EbIwGjAx94 root@ubuntu-xenial
[   31.957083] cloud-init[924]: The key's randomart image is:
[   31.957110] cloud-init[924]: +---[ECDSA 256]---+
[   31.957135] cloud-init[924]: |   ..o.oO=B=+oX=o|
[   31.957161] cloud-init[924]: |    ..=*.Bo=o*o* |
[   31.957187] cloud-init[924]: |     +o.o *+o.  o|
[   31.957213] cloud-init[924]: |      .=E=.o.    |
[   31.957239] cloud-init[924]: |        S   o    |
[   31.957265] cloud-init[924]: |           .     |
[   31.957290] cloud-init[924]: |                 |
[   31.957316] cloud-init[924]: |                 |
[   31.957374] cloud-init[924]: |                 |
[   31.957405] cloud-init[924]: +----[SHA256]-----+
[   31.957430] cloud-init[924]: Generating public/private ed25519 key pair.
[   31.957462] cloud-init[924]: Your identification has been saved in /etc/ssh/ssh_host_ed25519_key.
[   31.957489] cloud-init[924]: Your public key has been saved in /etc/ssh/ssh_host_ed25519_key.pub.
[   31.957514] cloud-init[924]: The key fingerprint is:
[   31.957540] cloud-init[924]: SHA256:tiasDIecQWa4ELlPOdk8gJ2OXWMHYc/rWJMP15Gp36M root@ubuntu-xenial
[   31.957566] cloud-init[924]: The key's randomart image is:
[   31.957591] cloud-init[924]: +--[ED25519 256]--+
[   31.957617] cloud-init[924]: |.+ .+o           |
[   31.957642] cloud-init[924]: |oo+.+o.    o     |
[   31.957668] cloud-init[924]: |o=+O oo   +      |
[   31.957693] cloud-init[924]: |+=B +  o o .     |
[   31.957719] cloud-init[924]: |.o.. .* S .      |
[   31.957745] cloud-init[924]: | ..+ = * o .     |
[   31.957774] cloud-init[924]: |  = o + + . o    |
[   31.957800] cloud-init[924]: |   + . o   . .   |
[   31.958050] cloud-init[924]: |    o     E      |
[   31.958845] cloud-init[924]: +----[SHA256]-----+
         Starting LXD - unix socket.
[[0;32m  OK  [0m] Started Daily apt upgrade and clean activities.
[[0;32m  OK  [0m] Reached target Timers.
[[0;32m  OK  [0m] Reached target Network is Online.
         Starting iSCSI initiator daemon (iscsid)...
[[0;32m  OK  [0m] Reached target Cloud-config availability.
[[0;32m  OK  [0m] Listening on Socket activation for snappy daemon.
[[0;32m  OK  [0m] Listening on LXD - unix socket.
[[0;32m  OK  [0m] Reached target Sockets.
[[0;32m  OK  [0m] Reached target Basic System.
         Starting LSB: Record successful boot for GRUB...
         Starting /etc/rc.local Compatibility...
         Starting Accounts Service...
         Starting Virtualbox guest utils...
[[0;32m  OK  [0m] Started Regular background program processing daemon.
         Starting LXD - container startup/shutdown...
         Starting LSB: MD monitoring daemon...
[[0;32m  OK  [0m] Started FUSE filesystem for LXC.
[[0;32m  OK  [0m] Started D-Bus System Message Bus.
         Starting Pollinate to seed the pseudo random number generator...
[[0;32m  OK  [0m] Started Unattended Upgrades Shutdown.
         Starting Login Service...
[[0;32m  OK  [0m] Started ACPI event daemon.
         Starting System Logging Service...
[[0;32m  OK  [0m] Started Deferred execution scheduler.
         Starting Snappy daemon...
[[0;32m  OK  [0m] Started System Logging Service.
[[0;32m  OK  [0m] Started /etc/rc.local Compatibility.
[[0;32m  OK  [0m] Started LXD - container startup/shutdown.
[[0;32m  OK  [0m] Started iSCSI initiator daemon (iscsid).
[[0;32m  OK  [0m] Started LSB: Record successful boot for GRUB.
         Starting Authenticate and Authorize Users to Run Privileged Tasks...
         Starting Login to default iSCSI targets...
[[0;32m  OK  [0m] Started LSB: MD monitoring daemon.
[[0;32m  OK  [0m] Started Virtualbox guest utils.
[[0;32m  OK  [0m] Started Pollinate to seed the pseudo random number generator.
[[0;32m  OK  [0m] Started Snappy daemon.
[[0;32m  OK  [0m] Started Login Service.
[[0;32m  OK  [0m] Started Authenticate and Authorize Users to Run Privileged Tasks.
[[0;32m  OK  [0m] Started Accounts Service.
         Starting Wait until snapd is fully seeded...
         Starting OpenBSD Secure Shell server...
[[0;32m  OK  [0m] Started Login to default iSCSI targets.
[[0;32m  OK  [0m] Started OpenBSD Secure Shell server.
[[0;32m  OK  [0m] Reached target Remote File Systems (Pre).
[[0;32m  OK  [0m] Reached target Remote File Systems.
         Starting LSB: automatic crash report generation...
         Starting LSB: daemon to balance interrupts for SMP systems...
         Starting Permit User Sessions...
         Starting LSB: Set the CPU Frequency Scaling governor to "ondemand"...
[[0;32m  OK  [0m] Started Permit User Sessions.
[[0;32m  OK  [0m] Started LSB: automatic crash report generation.
[[0;32m  OK  [0m] Started LSB: daemon to balance interrupts for SMP systems.
[[0;32m  OK  [0m] Created slice User Slice of vagrant.
[[0;32m  OK  [0m] Started Session 1 of user vagrant.
         Starting User Manager for UID 1000...
         Starting Hold until boot process finishes up...
         Starting Terminate Plymouth Boot Screen...
[[0;32m  OK  [0m] Started User Manager for UID 1000.
[[0;32m  OK  [0m] Started LSB: Set the CPU Frequency Scaling governor to "ondemand".
[[0;32m  OK  [0m] Started Hold until boot process finishes up.
[[0;32m  OK  [0m] Started Terminate Plymouth Boot Screen.
[[0;32m  OK  [0m] Started Serial Getty on ttyS0.
[[0;32m  OK  [0m] Started Getty on tty1.
[[0;32m  OK  [0m] Reached target Login Prompts.
         Starting Set console scheme...
[[0;32m  OK  [0m] Started Set console scheme.
[[0;32m  OK  [0m] Started Wait until snapd is fully seeded.
[[0;32m  OK  [0m] Reached target Multi-User System.
[[0;32m  OK  [0m] Reached target Graphical Interface.
         Starting Update UTMP about System Runlevel Changes...
         Starting Apply the settings specified in cloud-config...
[[0;32m  OK  [0m] Started Update UTMP about System Runlevel Changes.
[   39.754241] cloud-init[1350]: Generating locales (this might take a while)...
         Stopping User Manager for UID 1000...
[[0;32m  OK  [0m] Stopped User Manager for UID 1000.
[[0;32m  OK  [0m] Removed slice User Slice of vagrant.
[[0;32m  OK  [0m] Created slice User Slice of vagrant.
[[0;32m  OK  [0m] Started Session 2 of user vagrant.
         Starting User Manager for UID 1000...
[[0;32m  OK  [0m] Started User Manager for UID 1000.
[   41.108683] cloud-init[1350]:   en_US.UTF-8... done
[   41.173168] cloud-init[1350]: Generation complete.
[   41.479254] cloud-init[1350]: Cloud-init v. 18.3-9-g2e62cb8a-0ubuntu1~16.04.2 running 'modules:config' at Sat, 20 Oct 2018 01:33:10 +0000. Up 39.58 seconds.
[[0;32m  OK  [0m] Started Apply the settings specified in cloud-config.
         Starting Execute cloud user/final scripts...
ci-info: no authorized ssh keys fingerprints found for user ubuntu.
<14>Oct 20 01:33:12 ec2: 
<14>Oct 20 01:33:12 ec2: #############################################################
<14>Oct 20 01:33:12 ec2: -----BEGIN SSH HOST KEY FINGERPRINTS-----
<14>Oct 20 01:33:12 ec2: 1024 SHA256:pryqglZZhRwcYIKWNGfamdxg+lG0Ymia7NL53JRn4Ms root@ubuntu-xenial (DSA)
<14>Oct 20 01:33:12 ec2: 256 SHA256:HMvJdAEmnlW8HQZhYh3yNXRUTpg0Dxam+EbIwGjAx94 root@ubuntu-xenial (ECDSA)
<14>Oct 20 01:33:12 ec2: 256 SHA256:tiasDIecQWa4ELlPOdk8gJ2OXWMHYc/rWJMP15Gp36M root@ubuntu-xenial (ED25519)
<14>Oct 20 01:33:12 ec2: 2048 SHA256:F0X9I9FWMNbUQ/cv7JvcB0XMMxR1BO9cqQPo+mDgYbU root@ubuntu-xenial (RSA)
<14>Oct 20 01:33:12 ec2: -----END SSH HOST KEY FINGERPRINTS-----
<14>Oct 20 01:33:12 ec2: #############################################################
-----BEGIN SSH HOST KEY KEYS-----
ecdsa-sha2-nistp256 AAAAE2VjZHNhLXNoYTItbmlzdHAyNTYAAAAIbmlzdHAyNTYAAABBBAuAibdM6Zz+AfPlApyMAi+0HfjJ3b88CxhOElFOl1CRV9pQshWuXHfjQldtuMqPM72EpVDRmFNAOJ/dhWtrOBU= root@ubuntu-xenial
ssh-ed25519 AAAAC3NzaC1lZDI1NTE5AAAAIFQJKB+yBw8ezie+79kaL58emQHs1CVW69nU6nrFzLjR root@ubuntu-xenial
ssh-rsa AAAAB3NzaC1yc2EAAAADAQABAAABAQDuVapnRYWNAcBZdGQpNpqzh0sJ3cUWOh6DaxbjTsVacCmrXXHHLQUIFbVNvFkLZfZIxO1/sG9D8tCh8TbJwZFHb5UlConhkvozx/+e/Nm7gzqkPlbaxj2UNUasI4ezC4oOtHYZs++IhN5/BuURff3N3UDL5TfQGZK8eqLW81DM7OozqivghhQ6NYJ248mCJbz49/3xoQNuVDXfyfmgbwkwqXnMGvD/Ng9szpLENGlr/0+ue4qAJnnYOhdxu3v2Z/EJoGQPuyqDIfvWklUu+cCfPc8ZT1ObuSEXF66ANk1bUunCpAGYpcuBz+OXltoFrrreQB9PCtlvd2zxjdkyOHn3 root@ubuntu-xenial
-----END SSH HOST KEY KEYS-----
[   42.753865] cloud-init[1476]: Cloud-init v. 18.3-9-g2e62cb8a-0ubuntu1~16.04.2 running 'modules:final' at Sat, 20 Oct 2018 01:33:12 +0000. Up 41.85 seconds.
[   42.869205] ci-info: no authorized ssh keys fingerprints found for user ubuntu.
[   42.879762] cloud-init[1476]: Cloud-init v. 18.3-9-g2e62cb8a-0ubuntu1~16.04.2 finished at Sat, 20 Oct 2018 01:33:13 +0000. Datasource DataSourceNoCloud [seed=/dev/sdb][dsmode=net].  Up 42.74 seconds

Ubuntu 16.04.5 LTS ubuntu-xenial ttyS0

ubuntu-xenial login: 